MIF/HEX Update report for TB_mp
Fri Mar 27 10:19:19 2015
Quartus II 64-Bit Version 14.0.2 Build 209 09/17/2014 SJ Full Version


---------------------
; Table of Contents ;
---------------------
  1. Legal Notice
  2. MIF/HEX Update Summary
  3. MIF/HEX Update Processed Files
  4. MIF/HEX Update Messages



----------------
; Legal Notice ;
----------------
Copyright (C) 1991-2014 Altera Corporation. All rights reserved.
Your use of Altera Corporation's design tools, logic functions 
and other software and tools, and its AMPP partner logic 
functions, and any output files from any of the foregoing 
(including device programming or simulation files), and any 
associated documentation or information are expressly subject 
to the terms and conditions of the Altera Program License 
Subscription Agreement, the Altera Quartus II License Agreement,
the Altera MegaCore Function License Agreement, or other 
applicable license agreement, including, without limitation, 
that your use is for the sole purpose of programming logic 
devices manufactured by Altera and sold by Altera or its 
authorized distributors.  Please refer to the applicable 
agreement for further details.



+---------------------------------------------------------------+
; MIF/HEX Update Summary                                        ;
+-----------------------+---------------------------------------+
; MIF/HEX Update Status ; Successful - Fri Mar 27 10:19:19 2015 ;
; Revision Name         ; TB_mp                                 ;
; Top-level Entity Name ; microprocessorBDF                     ;
; Family                ; Cyclone IV E                          ;
; Device                ; EP4CE115F29C7                         ;
+-----------------------+---------------------------------------+


+---------------------------------------------------------------------------------------+
; MIF/HEX Update Processed Files                                                        ;
+---------------------------------------------------------------------------------------+
; File Name                                                                             ;
+---------------------------------------------------------------------------------------+
; C:/Users/w6l27/Downloads/ECE3242_SetCaching/Microprocessor_EnhancedSystem/m9k_mem.hex ;
+---------------------------------------------------------------------------------------+


+-------------------------+
; MIF/HEX Update Messages ;
+-------------------------+
Info: *******************************************************************
Info: Running Quartus II 64-Bit MIF/HEX Update
    Info: Version 14.0.2 Build 209 09/17/2014 SJ Full Version
    Info: Processing started: Fri Mar 27 10:19:18 2015
Info: Command: quartus_cdb TB_mp -c TB_mp --update_mif
Critical Warning (127004): Memory depth (1024) in the design file differs from memory depth (4096) in the Memory Initialization File "C:/Users/w6l27/Downloads/ECE3242_SetCaching/Microprocessor_EnhancedSystem/m9k_mem.hex" -- truncated remaining initial content value to fit RAM
Info (39024): Processed the following Memory Initialization File(s)
    Info (39025): Processed Memory Initialization File C:/Users/w6l27/Downloads/ECE3242_SetCaching/Microprocessor_EnhancedSystem/m9k_mem.hex
Info: Quartus II 64-Bit MIF/HEX Update was successful. 0 errors, 1 warning
    Info: Peak virtual memory: 602 megabytes
    Info: Processing ended: Fri Mar 27 10:19:19 2015
    Info: Elapsed time: 00:00:01
    Info: Total CPU time (on all processors): 00:00:01


