Flow report for TB_mp
Sat Mar 07 20:46:28 2015
Quartus II 64-Bit Version 13.0.1 Build 232 06/12/2013 Service Pack 1 SJ Full Version


---------------------
; Table of Contents ;
---------------------
  1. Legal Notice
  2. Flow Summary
  3. Flow Settings
  4. Flow Non-Default Global Settings
  5. Flow Elapsed Time
  6. Flow OS Summary
  7. Flow Log
  8. Flow Messages
  9. Flow Suppressed Messages



----------------
; Legal Notice ;
----------------
Copyright (C) 1991-2013 Altera Corporation
Your use of Altera Corporation's design tools, logic functions 
and other software and tools, and its AMPP partner logic 
functions, and any output files from any of the foregoing 
(including device programming or simulation files), and any 
associated documentation or information are expressly subject 
to the terms and conditions of the Altera Program License 
Subscription Agreement, Altera MegaCore Function License 
Agreement, or other applicable license agreement, including, 
without limitation, that your use is for the sole purpose of 
programming logic devices manufactured by Altera and sold by 
Altera or its authorized distributors.  Please refer to the 
applicable agreement for further details.



+---------------------------------------------------------------------------------------+
; Flow Summary                                                                          ;
+------------------------------------+--------------------------------------------------+
; Flow Status                        ; Successful - Sat Mar 07 20:46:28 2015            ;
; Quartus II 64-Bit Version          ; 13.0.1 Build 232 06/12/2013 SP 1 SJ Full Version ;
; Revision Name                      ; TB_mp                                            ;
; Top-level Entity Name              ; microprocessor                                   ;
; Family                             ; Cyclone IV E                                     ;
; Device                             ; EP4CE115F29C7                                    ;
; Timing Models                      ; Final                                            ;
; Total logic elements               ; 763 / 114,480 ( < 1 % )                          ;
;     Total combinational functions  ; 669 / 114,480 ( < 1 % )                          ;
;     Dedicated logic registers      ; 392 / 114,480 ( < 1 % )                          ;
; Total registers                    ; 392                                              ;
; Total pins                         ; 402 / 529 ( 76 % )                               ;
; Total virtual pins                 ; 0                                                ;
; Total memory bits                  ; 65,536 / 3,981,312 ( 2 % )                       ;
; Embedded Multiplier 9-bit elements ; 2 / 532 ( < 1 % )                                ;
; Total PLLs                         ; 0 / 4 ( 0 % )                                    ;
+------------------------------------+--------------------------------------------------+


+-----------------------------------------+
; Flow Settings                           ;
+-------------------+---------------------+
; Option            ; Setting             ;
+-------------------+---------------------+
; Start date & time ; 03/07/2015 20:45:44 ;
; Main task         ; Compilation         ;
; Revision Name     ; TB_mp               ;
+-------------------+---------------------+


+----------------------------------------------------------------------------------------------------------------------------------------------------------------------------------------+
; Flow Non-Default Global Settings                                                                                                                                                       ;
+------------------------------------------------+-------------------------------------------------------------------------------------+---------------+----------------+----------------+
; Assignment Name                                ; Value                                                                               ; Default Value ; Entity Name    ; Section Id     ;
+------------------------------------------------+-------------------------------------------------------------------------------------+---------------+----------------+----------------+
; COMPILER_SIGNATURE_ID                          ; 132129495587802.142577554402000                                                     ; --            ; --             ; --             ;
; EDA_GENERATE_FUNCTIONAL_NETLIST                ; On                                                                                  ; --            ; --             ; eda_simulation ;
; EDA_NETLIST_WRITER_OUTPUT_DIR                  ; C:\Users\user\Downloads\ECE3242_SetCaching\Microprocessor_EnhancedSystem\simulation ; --            ; --             ; eda_simulation ;
; EDA_OUTPUT_DATA_FORMAT                         ; Vhdl                                                                                ; --            ; --             ; eda_simulation ;
; EDA_SIMULATION_TOOL                            ; ModelSim-Altera (VHDL)                                                              ; <None>        ; --             ; --             ;
; EDA_USER_COMPILED_SIMULATION_LIBRARY_DIRECTORY ; C:\Users\z63xn\Desktop\Microprocessor_2013\simulation                               ; --            ; --             ; eda_simulation ;
; FITTER_EFFORT                                  ; Fast Fit                                                                            ; Auto Fit      ; --             ; --             ;
; MAX_CORE_JUNCTION_TEMP                         ; 85                                                                                  ; --            ; --             ; --             ;
; MIN_CORE_JUNCTION_TEMP                         ; 0                                                                                   ; --            ; --             ; --             ;
; NUM_PARALLEL_PROCESSORS                        ; All                                                                                 ; 1             ; --             ; --             ;
; PARTITION_COLOR                                ; 14622752                                                                            ; --            ; microprocessor ; Top            ;
; PARTITION_FITTER_PRESERVATION_LEVEL            ; PLACEMENT_AND_ROUTING                                                               ; --            ; microprocessor ; Top            ;
; PARTITION_NETLIST_TYPE                         ; SOURCE                                                                              ; --            ; microprocessor ; Top            ;
; POWER_BOARD_THERMAL_MODEL                      ; None (CONSERVATIVE)                                                                 ; --            ; --             ; --             ;
; POWER_PRESET_COOLING_SOLUTION                  ; 23 MM HEAT SINK WITH 200 LFPM AIRFLOW                                               ; --            ; --             ; --             ;
; SMART_RECOMPILE                                ; On                                                                                  ; Off           ; --             ; --             ;
; TOP_LEVEL_ENTITY                               ; microprocessor                                                                      ; TB_mp         ; --             ; --             ;
; USE_GENERATED_PHYSICAL_CONSTRAINTS             ; Off                                                                                 ; --            ; --             ; eda_palace     ;
+------------------------------------------------+-------------------------------------------------------------------------------------+---------------+----------------+----------------+


+-------------------------------------------------------------------------------------------------------------------------------+
; Flow Elapsed Time                                                                                                             ;
+---------------------------+--------------+-------------------------+---------------------+------------------------------------+
; Module Name               ; Elapsed Time ; Average Processors Used ; Peak Virtual Memory ; Total CPU Time (on all processors) ;
+---------------------------+--------------+-------------------------+---------------------+------------------------------------+
; Analysis & Synthesis      ; 00:00:04     ; 1.0                     ; 522 MB              ; 00:00:03                           ;
; Fitter                    ; 00:00:24     ; 2.2                     ; 1344 MB             ; 00:00:30                           ;
; Assembler                 ; 00:00:05     ; 1.0                     ; 444 MB              ; 00:00:05                           ;
; TimeQuest Timing Analyzer ; 00:00:05     ; 1.2                     ; 553 MB              ; 00:00:05                           ;
; EDA Netlist Writer        ; 00:00:01     ; 1.0                     ; 398 MB              ; 00:00:01                           ;
; Total                     ; 00:00:39     ; --                      ; --                  ; 00:00:44                           ;
+---------------------------+--------------+-------------------------+---------------------+------------------------------------+


+----------------------------------------------------------------------------------------+
; Flow OS Summary                                                                        ;
+---------------------------+------------------+-----------+------------+----------------+
; Module Name               ; Machine Hostname ; OS Name   ; OS Version ; Processor type ;
+---------------------------+------------------+-----------+------------+----------------+
; Analysis & Synthesis      ; GD120M02         ; Windows 7 ; 6.2        ; x86_64         ;
; Fitter                    ; GD120M02         ; Windows 7 ; 6.2        ; x86_64         ;
; Assembler                 ; GD120M02         ; Windows 7 ; 6.2        ; x86_64         ;
; TimeQuest Timing Analyzer ; GD120M02         ; Windows 7 ; 6.2        ; x86_64         ;
; EDA Netlist Writer        ; GD120M02         ; Windows 7 ; 6.2        ; x86_64         ;
+---------------------------+------------------+-----------+------------+----------------+


------------
; Flow Log ;
------------
quartus_map --read_settings_files=on --write_settings_files=off TB_mp -c TB_mp
quartus_fit --read_settings_files=off --write_settings_files=off TB_mp -c TB_mp
quartus_asm --read_settings_files=off --write_settings_files=off TB_mp -c TB_mp
quartus_sta TB_mp -c TB_mp
quartus_eda --read_settings_files=off --write_settings_files=off TB_mp -c TB_mp



