Analysis & Synthesis report for TB_mp
Thu Mar 05 15:13:52 2015
Quartus II 64-Bit Version 13.0.1 Build 232 06/12/2013 Service Pack 1 SJ Full Version


---------------------
; Table of Contents ;
---------------------
  1. Legal Notice
  2. Analysis & Synthesis Summary
  3. Analysis & Synthesis Settings
  4. Parallel Compilation
  5. Analysis & Synthesis Source Files Read
  6. Analysis & Synthesis Resource Usage Summary
  7. Analysis & Synthesis Resource Utilization by Entity
  8. Analysis & Synthesis RAM Summary
  9. Analysis & Synthesis IP Cores Summary
 10. State Machine - |microprocessor|ctrl_unit:Unit0|controller:U0|state
 11. User-Specified and Inferred Latches
 12. General Register Statistics
 13. Inverted Register Statistics
 14. Multiplexer Restructuring Statistics (Restructuring Performed)
 15. Source assignments for MainMemory:Unit2|altsyncram:altsyncram_component|altsyncram_fos3:auto_generated
 16. Parameter Settings for User Entity Instance: MainMemory:Unit2|altsyncram:altsyncram_component
 17. altsyncram Parameter Settings by Entity Instance
 18. Port Connectivity Checks: "MainMemory:Unit2"
 19. Port Connectivity Checks: "ctrl_unit:Unit0|bigmux:U3"
 20. Port Connectivity Checks: "ctrl_unit:Unit0"
 21. Elapsed Time Per Partition
 22. Analysis & Synthesis Messages



----------------
; Legal Notice ;
----------------
Copyright (C) 1991-2013 Altera Corporation
Your use of Altera Corporation's design tools, logic functions 
and other software and tools, and its AMPP partner logic 
functions, and any output files from any of the foregoing 
(including device programming or simulation files), and any 
associated documentation or information are expressly subject 
to the terms and conditions of the Altera Program License 
Subscription Agreement, Altera MegaCore Function License 
Agreement, or other applicable license agreement, including, 
without limitation, that your use is for the sole purpose of 
programming logic devices manufactured by Altera and sold by 
Altera or its authorized distributors.  Please refer to the 
applicable agreement for further details.



+---------------------------------------------------------------------------------------+
; Analysis & Synthesis Summary                                                          ;
+------------------------------------+--------------------------------------------------+
; Analysis & Synthesis Status        ; Successful - Thu Mar 05 15:13:52 2015            ;
; Quartus II 64-Bit Version          ; 13.0.1 Build 232 06/12/2013 SP 1 SJ Full Version ;
; Revision Name                      ; TB_mp                                            ;
; Top-level Entity Name              ; microprocessor                                   ;
; Family                             ; Cyclone IV E                                     ;
; Total logic elements               ; 848                                              ;
;     Total combinational functions  ; 589                                              ;
;     Dedicated logic registers      ; 377                                              ;
; Total registers                    ; 377                                              ;
; Total pins                         ; 141                                              ;
; Total virtual pins                 ; 0                                                ;
; Total memory bits                  ; 4,096                                            ;
; Embedded Multiplier 9-bit elements ; 0                                                ;
; Total PLLs                         ; 0                                                ;
+------------------------------------+--------------------------------------------------+


+----------------------------------------------------------------------------------------------------------------------+
; Analysis & Synthesis Settings                                                                                        ;
+----------------------------------------------------------------------------+--------------------+--------------------+
; Option                                                                     ; Setting            ; Default Value      ;
+----------------------------------------------------------------------------+--------------------+--------------------+
; Device                                                                     ; EP4CE115F29C7      ;                    ;
; Top-level entity name                                                      ; microprocessor     ; TB_mp              ;
; Family name                                                                ; Cyclone IV E       ; Cyclone IV GX      ;
; Use smart compilation                                                      ; On                 ; Off                ;
; Maximum processors allowed for parallel compilation                        ; Default            ; 1                  ;
; Enable parallel Assembler and TimeQuest Timing Analyzer during compilation ; On                 ; On                 ;
; Enable compact report table                                                ; Off                ; Off                ;
; Restructure Multiplexers                                                   ; Auto               ; Auto               ;
; Create Debugging Nodes for IP Cores                                        ; Off                ; Off                ;
; Preserve fewer node names                                                  ; On                 ; On                 ;
; Disable OpenCore Plus hardware evaluation                                  ; Off                ; Off                ;
; Verilog Version                                                            ; Verilog_2001       ; Verilog_2001       ;
; VHDL Version                                                               ; VHDL_1993          ; VHDL_1993          ;
; State Machine Processing                                                   ; Auto               ; Auto               ;
; Safe State Machine                                                         ; Off                ; Off                ;
; Extract Verilog State Machines                                             ; On                 ; On                 ;
; Extract VHDL State Machines                                                ; On                 ; On                 ;
; Ignore Verilog initial constructs                                          ; Off                ; Off                ;
; Iteration limit for constant Verilog loops                                 ; 5000               ; 5000               ;
; Iteration limit for non-constant Verilog loops                             ; 250                ; 250                ;
; Add Pass-Through Logic to Inferred RAMs                                    ; On                 ; On                 ;
; Infer RAMs from Raw Logic                                                  ; On                 ; On                 ;
; Parallel Synthesis                                                         ; Off                ; Off                ;
; DSP Block Balancing                                                        ; Auto               ; Auto               ;
; NOT Gate Push-Back                                                         ; On                 ; On                 ;
; Power-Up Don't Care                                                        ; On                 ; On                 ;
; Remove Redundant Logic Cells                                               ; Off                ; Off                ;
; Remove Duplicate Registers                                                 ; On                 ; On                 ;
; Ignore CARRY Buffers                                                       ; Off                ; Off                ;
; Ignore CASCADE Buffers                                                     ; Off                ; Off                ;
; Ignore GLOBAL Buffers                                                      ; Off                ; Off                ;
; Ignore ROW GLOBAL Buffers                                                  ; Off                ; Off                ;
; Ignore LCELL Buffers                                                       ; Off                ; Off                ;
; Ignore SOFT Buffers                                                        ; On                 ; On                 ;
; Limit AHDL Integers to 32 Bits                                             ; Off                ; Off                ;
; Optimization Technique                                                     ; Balanced           ; Balanced           ;
; Carry Chain Length                                                         ; 70                 ; 70                 ;
; Auto Carry Chains                                                          ; On                 ; On                 ;
; Auto Open-Drain Pins                                                       ; On                 ; On                 ;
; Perform WYSIWYG Primitive Resynthesis                                      ; Off                ; Off                ;
; Auto ROM Replacement                                                       ; On                 ; On                 ;
; Auto RAM Replacement                                                       ; On                 ; On                 ;
; Auto DSP Block Replacement                                                 ; On                 ; On                 ;
; Auto Shift Register Replacement                                            ; Auto               ; Auto               ;
; Allow Shift Register Merging across Hierarchies                            ; Auto               ; Auto               ;
; Auto Clock Enable Replacement                                              ; On                 ; On                 ;
; Strict RAM Replacement                                                     ; Off                ; Off                ;
; Allow Synchronous Control Signals                                          ; On                 ; On                 ;
; Force Use of Synchronous Clear Signals                                     ; Off                ; Off                ;
; Auto RAM Block Balancing                                                   ; On                 ; On                 ;
; Auto RAM to Logic Cell Conversion                                          ; Off                ; Off                ;
; Auto Resource Sharing                                                      ; Off                ; Off                ;
; Allow Any RAM Size For Recognition                                         ; Off                ; Off                ;
; Allow Any ROM Size For Recognition                                         ; Off                ; Off                ;
; Allow Any Shift Register Size For Recognition                              ; Off                ; Off                ;
; Use LogicLock Constraints during Resource Balancing                        ; On                 ; On                 ;
; Ignore translate_off and synthesis_off directives                          ; Off                ; Off                ;
; Timing-Driven Synthesis                                                    ; Off                ; Off                ;
; Report Parameter Settings                                                  ; On                 ; On                 ;
; Report Source Assignments                                                  ; On                 ; On                 ;
; Report Connectivity Checks                                                 ; On                 ; On                 ;
; Ignore Maximum Fan-Out Assignments                                         ; Off                ; Off                ;
; Synchronization Register Chain Length                                      ; 2                  ; 2                  ;
; PowerPlay Power Optimization                                               ; Normal compilation ; Normal compilation ;
; HDL message level                                                          ; Level2             ; Level2             ;
; Suppress Register Optimization Related Messages                            ; Off                ; Off                ;
; Number of Removed Registers Reported in Synthesis Report                   ; 5000               ; 5000               ;
; Number of Swept Nodes Reported in Synthesis Report                         ; 5000               ; 5000               ;
; Number of Inverted Registers Reported in Synthesis Report                  ; 100                ; 100                ;
; Clock MUX Protection                                                       ; On                 ; On                 ;
; Auto Gated Clock Conversion                                                ; Off                ; Off                ;
; Block Design Naming                                                        ; Auto               ; Auto               ;
; SDC constraint protection                                                  ; Off                ; Off                ;
; Synthesis Effort                                                           ; Auto               ; Auto               ;
; Shift Register Replacement - Allow Asynchronous Clear Signal               ; On                 ; On                 ;
; Pre-Mapping Resynthesis Optimization                                       ; Off                ; Off                ;
; Analysis & Synthesis Message Level                                         ; Medium             ; Medium             ;
; Disable Register Merging Across Hierarchies                                ; Auto               ; Auto               ;
; Resource Aware Inference For Block RAM                                     ; On                 ; On                 ;
; Synthesis Seed                                                             ; 1                  ; 1                  ;
+----------------------------------------------------------------------------+--------------------+--------------------+


+------------------------------------------+
; Parallel Compilation                     ;
+----------------------------+-------------+
; Processors                 ; Number      ;
+----------------------------+-------------+
; Number detected on machine ; 4           ;
; Maximum allowed            ; 4           ;
;                            ;             ;
; Average used               ; 1.00        ;
; Maximum used               ; 1           ;
;                            ;             ;
; Usage by Processor         ; % Time Used ;
;     Processor 1            ; 100.0%      ;
;     Processors 2-4         ;   0.0%      ;
+----------------------------+-------------+


+---------------------------------------------------------------------------------------------------------------------------------------------------------------------------------------------------------+
; Analysis & Synthesis Source Files Read                                                                                                                                                                  ;
+----------------------------------+-----------------+---------------------------------------+--------------------------------------------------------------------------------------------------+---------+
; File Name with User-Entered Path ; Used in Netlist ; File Type                             ; File Name with Absolute Path                                                                     ; Library ;
+----------------------------------+-----------------+---------------------------------------+--------------------------------------------------------------------------------------------------+---------+
; MainMemory.vhd                   ; yes             ; User Wizard-Generated File            ; C:/Users/user/Downloads/ECE3242_SetCaching/Microprocessor_ReferenceSystem/MainMemory.vhd         ;         ;
; alu.vhd                          ; yes             ; User VHDL File                        ; C:/Users/user/Downloads/ECE3242_SetCaching/Microprocessor_ReferenceSystem/alu.vhd                ;         ;
; bigmux.vhd                       ; yes             ; User VHDL File                        ; C:/Users/user/Downloads/ECE3242_SetCaching/Microprocessor_ReferenceSystem/bigmux.vhd             ;         ;
; controller.vhd                   ; yes             ; User VHDL File                        ; C:/Users/user/Downloads/ECE3242_SetCaching/Microprocessor_ReferenceSystem/controller.vhd         ;         ;
; ctrl_unit.vhd                    ; yes             ; User VHDL File                        ; C:/Users/user/Downloads/ECE3242_SetCaching/Microprocessor_ReferenceSystem/ctrl_unit.vhd          ;         ;
; datapath.vhd                     ; yes             ; User VHDL File                        ; C:/Users/user/Downloads/ECE3242_SetCaching/Microprocessor_ReferenceSystem/datapath.vhd           ;         ;
; IR.vhd                           ; yes             ; User VHDL File                        ; C:/Users/user/Downloads/ECE3242_SetCaching/Microprocessor_ReferenceSystem/IR.vhd                 ;         ;
; microprocessor.vhd               ; yes             ; User VHDL File                        ; C:/Users/user/Downloads/ECE3242_SetCaching/Microprocessor_ReferenceSystem/microprocessor.vhd     ;         ;
; obuf.vhd                         ; yes             ; User VHDL File                        ; C:/Users/user/Downloads/ECE3242_SetCaching/Microprocessor_ReferenceSystem/obuf.vhd               ;         ;
; PC.vhd                           ; yes             ; User VHDL File                        ; C:/Users/user/Downloads/ECE3242_SetCaching/Microprocessor_ReferenceSystem/PC.vhd                 ;         ;
; reg_file.vhd                     ; yes             ; User VHDL File                        ; C:/Users/user/Downloads/ECE3242_SetCaching/Microprocessor_ReferenceSystem/reg_file.vhd           ;         ;
; smallmux.vhd                     ; yes             ; User VHDL File                        ; C:/Users/user/Downloads/ECE3242_SetCaching/Microprocessor_ReferenceSystem/smallmux.vhd           ;         ;
; MP_lib.vhd                       ; yes             ; User VHDL File                        ; C:/Users/user/Downloads/ECE3242_SetCaching/Microprocessor_ReferenceSystem/MP_lib.vhd             ;         ;
; m9k_mem.hex                      ; yes             ; User Hexadecimal (Intel-Format) File  ; C:/Users/user/Downloads/ECE3242_SetCaching/Microprocessor_ReferenceSystem/m9k_mem.hex            ;         ;
; altsyncram.tdf                   ; yes             ; Megafunction                          ; c:/altera/13.0sp1/quartus/libraries/megafunctions/altsyncram.tdf                                 ;         ;
; stratix_ram_block.inc            ; yes             ; Megafunction                          ; c:/altera/13.0sp1/quartus/libraries/megafunctions/stratix_ram_block.inc                          ;         ;
; lpm_mux.inc                      ; yes             ; Megafunction                          ; c:/altera/13.0sp1/quartus/libraries/megafunctions/lpm_mux.inc                                    ;         ;
; lpm_decode.inc                   ; yes             ; Megafunction                          ; c:/altera/13.0sp1/quartus/libraries/megafunctions/lpm_decode.inc                                 ;         ;
; aglobal130.inc                   ; yes             ; Megafunction                          ; c:/altera/13.0sp1/quartus/libraries/megafunctions/aglobal130.inc                                 ;         ;
; a_rdenreg.inc                    ; yes             ; Megafunction                          ; c:/altera/13.0sp1/quartus/libraries/megafunctions/a_rdenreg.inc                                  ;         ;
; altrom.inc                       ; yes             ; Megafunction                          ; c:/altera/13.0sp1/quartus/libraries/megafunctions/altrom.inc                                     ;         ;
; altram.inc                       ; yes             ; Megafunction                          ; c:/altera/13.0sp1/quartus/libraries/megafunctions/altram.inc                                     ;         ;
; altdpram.inc                     ; yes             ; Megafunction                          ; c:/altera/13.0sp1/quartus/libraries/megafunctions/altdpram.inc                                   ;         ;
; db/altsyncram_fos3.tdf           ; yes             ; Auto-Generated Megafunction           ; C:/Users/user/Downloads/ECE3242_SetCaching/Microprocessor_ReferenceSystem/db/altsyncram_fos3.tdf ;         ;
+----------------------------------+-----------------+---------------------------------------+--------------------------------------------------------------------------------------------------+---------+


+-------------------------------------------------------------+
; Analysis & Synthesis Resource Usage Summary                 ;
+---------------------------------------------+---------------+
; Resource                                    ; Usage         ;
+---------------------------------------------+---------------+
; Estimated Total logic elements              ; 848           ;
;                                             ;               ;
; Total combinational functions               ; 589           ;
; Logic element usage by number of LUT inputs ;               ;
;     -- 4 input functions                    ; 459           ;
;     -- 3 input functions                    ; 68            ;
;     -- <=2 input functions                  ; 62            ;
;                                             ;               ;
; Logic elements by mode                      ;               ;
;     -- normal mode                          ; 558           ;
;     -- arithmetic mode                      ; 31            ;
;                                             ;               ;
; Total registers                             ; 377           ;
;     -- Dedicated logic registers            ; 377           ;
;     -- I/O registers                        ; 0             ;
;                                             ;               ;
; I/O pins                                    ; 141           ;
; Total memory bits                           ; 4096          ;
; Embedded Multiplier 9-bit elements          ; 0             ;
; Maximum fan-out node                        ; cpu_clk~input ;
; Maximum fan-out                             ; 407           ;
; Total fan-out                               ; 4119          ;
; Average fan-out                             ; 3.26          ;
+---------------------------------------------+---------------+


+------------------------------------------------------------------------------------------------------------------------------------------------------------------------------------------------------------------------------------------------------------------------+
; Analysis & Synthesis Resource Utilization by Entity                                                                                                                                                                                                                    ;
+-------------------------------------------+-------------------+--------------+-------------+--------------+---------+-----------+------+--------------+-------------------------------------------------------------------------------------------------+--------------+
; Compilation Hierarchy Node                ; LC Combinationals ; LC Registers ; Memory Bits ; DSP Elements ; DSP 9x9 ; DSP 18x18 ; Pins ; Virtual Pins ; Full Hierarchy Name                                                                             ; Library Name ;
+-------------------------------------------+-------------------+--------------+-------------+--------------+---------+-----------+------+--------------+-------------------------------------------------------------------------------------------------+--------------+
; |microprocessor                           ; 589 (1)           ; 377 (0)      ; 4096        ; 0            ; 0       ; 0         ; 141  ; 0            ; |microprocessor                                                                                 ; work         ;
;    |MainMemory:Unit2|                     ; 0 (0)             ; 0 (0)        ; 4096        ; 0            ; 0       ; 0         ; 0    ; 0            ; |microprocessor|MainMemory:Unit2                                                                ; work         ;
;       |altsyncram:altsyncram_component|   ; 0 (0)             ; 0 (0)        ; 4096        ; 0            ; 0       ; 0         ; 0    ; 0            ; |microprocessor|MainMemory:Unit2|altsyncram:altsyncram_component                                ; work         ;
;          |altsyncram_fos3:auto_generated| ; 0 (0)             ; 0 (0)        ; 4096        ; 0            ; 0       ; 0         ; 0    ; 0            ; |microprocessor|MainMemory:Unit2|altsyncram:altsyncram_component|altsyncram_fos3:auto_generated ; work         ;
;    |ctrl_unit:Unit0|                      ; 149 (0)           ; 89 (0)       ; 0           ; 0            ; 0       ; 0         ; 0    ; 0            ; |microprocessor|ctrl_unit:Unit0                                                                 ; work         ;
;       |IR:U2|                             ; 16 (16)           ; 0 (0)        ; 0           ; 0            ; 0       ; 0         ; 0    ; 0            ; |microprocessor|ctrl_unit:Unit0|IR:U2                                                           ; work         ;
;       |PC:U1|                             ; 19 (19)           ; 16 (16)      ; 0           ; 0            ; 0       ; 0         ; 0    ; 0            ; |microprocessor|ctrl_unit:Unit0|PC:U1                                                           ; work         ;
;       |bigmux:U3|                         ; 28 (28)           ; 0 (0)        ; 0           ; 0            ; 0       ; 0         ; 0    ; 0            ; |microprocessor|ctrl_unit:Unit0|bigmux:U3                                                       ; work         ;
;       |controller:U0|                     ; 86 (86)           ; 73 (73)      ; 0           ; 0            ; 0       ; 0         ; 0    ; 0            ; |microprocessor|ctrl_unit:Unit0|controller:U0                                                   ; work         ;
;    |datapath:Unit1|                       ; 439 (0)           ; 288 (0)      ; 0           ; 0            ; 0       ; 0         ; 0    ; 0            ; |microprocessor|datapath:Unit1                                                                  ; work         ;
;       |alu:U3|                            ; 71 (71)           ; 0 (0)        ; 0           ; 0            ; 0       ; 0         ; 0    ; 0            ; |microprocessor|datapath:Unit1|alu:U3                                                           ; work         ;
;       |reg_file:U2|                       ; 344 (344)         ; 288 (288)    ; 0           ; 0            ; 0       ; 0         ; 0    ; 0            ; |microprocessor|datapath:Unit1|reg_file:U2                                                      ; work         ;
;       |smallmux:U1|                       ; 24 (24)           ; 0 (0)        ; 0           ; 0            ; 0       ; 0         ; 0    ; 0            ; |microprocessor|datapath:Unit1|smallmux:U1                                                      ; work         ;
+-------------------------------------------+-------------------+--------------+-------------+--------------+---------+-----------+------+--------------+-------------------------------------------------------------------------------------------------+--------------+
Note: For table entries with two numbers listed, the numbers in parentheses indicate the number of resources of the given type used by the specific entity alone. The numbers listed outside of parentheses indicate the total resources of the given type used by the specific entity and all of its sub-entities in the hierarchy.


+---------------------------------------------------------------------------------------------------------------------------------------------------------------------------------------------------+
; Analysis & Synthesis RAM Summary                                                                                                                                                                  ;
+--------------------------------------------------------------------------------------------+------+-------------+--------------+--------------+--------------+--------------+-------+-------------+
; Name                                                                                       ; Type ; Mode        ; Port A Depth ; Port A Width ; Port B Depth ; Port B Width ; Size  ; MIF         ;
+--------------------------------------------------------------------------------------------+------+-------------+--------------+--------------+--------------+--------------+-------+-------------+
; MainMemory:Unit2|altsyncram:altsyncram_component|altsyncram_fos3:auto_generated|ALTSYNCRAM ; M9K  ; Single Port ; 4096         ; 16           ; --           ; --           ; 65536 ; m9k_mem.hex ;
+--------------------------------------------------------------------------------------------+------+-------------+--------------+--------------+--------------+--------------+-------+-------------+


+---------------------------------------------------------------------------------------------------------------------------------------------------------------------------------------------+
; Analysis & Synthesis IP Cores Summary                                                                                                                                                       ;
+--------+--------------+---------+--------------+--------------+----------------------------------+------------------------------------------------------------------------------------------+
; Vendor ; IP Core Name ; Version ; Release Date ; License Type ; Entity Instance                  ; IP Include File                                                                          ;
+--------+--------------+---------+--------------+--------------+----------------------------------+------------------------------------------------------------------------------------------+
; Altera ; RAM: 1-PORT  ; N/A     ; N/A          ; N/A          ; |microprocessor|MainMemory:Unit2 ; C:/Users/user/Downloads/ECE3242_SetCaching/Microprocessor_ReferenceSystem/MainMemory.vhd ;
+--------+--------------+---------+--------------+--------------+----------------------------------+------------------------------------------------------------------------------------------+


Encoding Type:  One-Hot
+-------------------------------------------------------------------------------------------------------------------------------------------------------------------------------------------------------------------------------------------------------------------------------------------------------------------------------------------------------------------------------------------------------------------------------------------------------------------------------------------------------------------------------------------------------------------------------------------------------------------------+
; State Machine - |microprocessor|ctrl_unit:Unit0|controller:U0|state                                                                                                                                                                                                                                                                                                                                                                                                                                                                                                                                                     ;
+-----------------------+--------------------+--------------------+-----------------------+------------------+--------------------+--------------------+-----------------------+------------------+---------------+---------------+---------------+---------------+----------------+------------+-----------+-----------+-----------+-----------+----------+-----------+-----------+----------+-----------+-----------+----------+-----------+----------+-----------+-----------+----------+-----------+-----------+----------+-----------+-----------+----------+----------+-----------+-----------+----------+----------+
; Name                  ; state.SaveMemory_b ; state.SaveMemory_a ; state.SaveMemory_wait ; state.SaveMemory ; state.LoadMemory_b ; state.LoadMemory_a ; state.LoadMemory_wait ; state.LoadMemory ; state.S5_wait ; state.S3_wait ; state.S1_wait ; state.S4_wait ; state.S11_wait ; state.S11a ; state.S11 ; state.S10 ; state.S9b ; state.S9a ; state.S9 ; state.S8b ; state.S8a ; state.S8 ; state.S7b ; state.S7a ; state.S7 ; state.S6a ; state.S6 ; state.S5b ; state.S5a ; state.S5 ; state.S4b ; state.S4a ; state.S4 ; state.S3b ; state.S3a ; state.S3 ; state.S2 ; state.S1b ; state.S1a ; state.S1 ; state.S0 ;
+-----------------------+--------------------+--------------------+-----------------------+------------------+--------------------+--------------------+-----------------------+------------------+---------------+---------------+---------------+---------------+----------------+------------+-----------+-----------+-----------+-----------+----------+-----------+-----------+----------+-----------+-----------+----------+-----------+----------+-----------+-----------+----------+-----------+-----------+----------+-----------+-----------+----------+----------+-----------+-----------+----------+----------+
; state.S0              ; 0                  ; 0                  ; 0                     ; 0                ; 0                  ; 0                  ; 0                     ; 0                ; 0             ; 0             ; 0             ; 0             ; 0              ; 0          ; 0         ; 0         ; 0         ; 0         ; 0        ; 0         ; 0         ; 0        ; 0         ; 0         ; 0        ; 0         ; 0        ; 0         ; 0         ; 0        ; 0         ; 0         ; 0        ; 0         ; 0         ; 0        ; 0        ; 0         ; 0         ; 0        ; 0        ;
; state.S1              ; 0                  ; 0                  ; 0                     ; 0                ; 0                  ; 0                  ; 0                     ; 0                ; 0             ; 0             ; 0             ; 0             ; 0              ; 0          ; 0         ; 0         ; 0         ; 0         ; 0        ; 0         ; 0         ; 0        ; 0         ; 0         ; 0        ; 0         ; 0        ; 0         ; 0         ; 0        ; 0         ; 0         ; 0        ; 0         ; 0         ; 0        ; 0        ; 0         ; 0         ; 1        ; 1        ;
; state.S1a             ; 0                  ; 0                  ; 0                     ; 0                ; 0                  ; 0                  ; 0                     ; 0                ; 0             ; 0             ; 0             ; 0             ; 0              ; 0          ; 0         ; 0         ; 0         ; 0         ; 0        ; 0         ; 0         ; 0        ; 0         ; 0         ; 0        ; 0         ; 0        ; 0         ; 0         ; 0        ; 0         ; 0         ; 0        ; 0         ; 0         ; 0        ; 0        ; 0         ; 1         ; 0        ; 1        ;
; state.S1b             ; 0                  ; 0                  ; 0                     ; 0                ; 0                  ; 0                  ; 0                     ; 0                ; 0             ; 0             ; 0             ; 0             ; 0              ; 0          ; 0         ; 0         ; 0         ; 0         ; 0        ; 0         ; 0         ; 0        ; 0         ; 0         ; 0        ; 0         ; 0        ; 0         ; 0         ; 0        ; 0         ; 0         ; 0        ; 0         ; 0         ; 0        ; 0        ; 1         ; 0         ; 0        ; 1        ;
; state.S2              ; 0                  ; 0                  ; 0                     ; 0                ; 0                  ; 0                  ; 0                     ; 0                ; 0             ; 0             ; 0             ; 0             ; 0              ; 0          ; 0         ; 0         ; 0         ; 0         ; 0        ; 0         ; 0         ; 0        ; 0         ; 0         ; 0        ; 0         ; 0        ; 0         ; 0         ; 0        ; 0         ; 0         ; 0        ; 0         ; 0         ; 0        ; 1        ; 0         ; 0         ; 0        ; 1        ;
; state.S3              ; 0                  ; 0                  ; 0                     ; 0                ; 0                  ; 0                  ; 0                     ; 0                ; 0             ; 0             ; 0             ; 0             ; 0              ; 0          ; 0         ; 0         ; 0         ; 0         ; 0        ; 0         ; 0         ; 0        ; 0         ; 0         ; 0        ; 0         ; 0        ; 0         ; 0         ; 0        ; 0         ; 0         ; 0        ; 0         ; 0         ; 1        ; 0        ; 0         ; 0         ; 0        ; 1        ;
; state.S3a             ; 0                  ; 0                  ; 0                     ; 0                ; 0                  ; 0                  ; 0                     ; 0                ; 0             ; 0             ; 0             ; 0             ; 0              ; 0          ; 0         ; 0         ; 0         ; 0         ; 0        ; 0         ; 0         ; 0        ; 0         ; 0         ; 0        ; 0         ; 0        ; 0         ; 0         ; 0        ; 0         ; 0         ; 0        ; 0         ; 1         ; 0        ; 0        ; 0         ; 0         ; 0        ; 1        ;
; state.S3b             ; 0                  ; 0                  ; 0                     ; 0                ; 0                  ; 0                  ; 0                     ; 0                ; 0             ; 0             ; 0             ; 0             ; 0              ; 0          ; 0         ; 0         ; 0         ; 0         ; 0        ; 0         ; 0         ; 0        ; 0         ; 0         ; 0        ; 0         ; 0        ; 0         ; 0         ; 0        ; 0         ; 0         ; 0        ; 1         ; 0         ; 0        ; 0        ; 0         ; 0         ; 0        ; 1        ;
; state.S4              ; 0                  ; 0                  ; 0                     ; 0                ; 0                  ; 0                  ; 0                     ; 0                ; 0             ; 0             ; 0             ; 0             ; 0              ; 0          ; 0         ; 0         ; 0         ; 0         ; 0        ; 0         ; 0         ; 0        ; 0         ; 0         ; 0        ; 0         ; 0        ; 0         ; 0         ; 0        ; 0         ; 0         ; 1        ; 0         ; 0         ; 0        ; 0        ; 0         ; 0         ; 0        ; 1        ;
; state.S4a             ; 0                  ; 0                  ; 0                     ; 0                ; 0                  ; 0                  ; 0                     ; 0                ; 0             ; 0             ; 0             ; 0             ; 0              ; 0          ; 0         ; 0         ; 0         ; 0         ; 0        ; 0         ; 0         ; 0        ; 0         ; 0         ; 0        ; 0         ; 0        ; 0         ; 0         ; 0        ; 0         ; 1         ; 0        ; 0         ; 0         ; 0        ; 0        ; 0         ; 0         ; 0        ; 1        ;
; state.S4b             ; 0                  ; 0                  ; 0                     ; 0                ; 0                  ; 0                  ; 0                     ; 0                ; 0             ; 0             ; 0             ; 0             ; 0              ; 0          ; 0         ; 0         ; 0         ; 0         ; 0        ; 0         ; 0         ; 0        ; 0         ; 0         ; 0        ; 0         ; 0        ; 0         ; 0         ; 0        ; 1         ; 0         ; 0        ; 0         ; 0         ; 0        ; 0        ; 0         ; 0         ; 0        ; 1        ;
; state.S5              ; 0                  ; 0                  ; 0                     ; 0                ; 0                  ; 0                  ; 0                     ; 0                ; 0             ; 0             ; 0             ; 0             ; 0              ; 0          ; 0         ; 0         ; 0         ; 0         ; 0        ; 0         ; 0         ; 0        ; 0         ; 0         ; 0        ; 0         ; 0        ; 0         ; 0         ; 1        ; 0         ; 0         ; 0        ; 0         ; 0         ; 0        ; 0        ; 0         ; 0         ; 0        ; 1        ;
; state.S5a             ; 0                  ; 0                  ; 0                     ; 0                ; 0                  ; 0                  ; 0                     ; 0                ; 0             ; 0             ; 0             ; 0             ; 0              ; 0          ; 0         ; 0         ; 0         ; 0         ; 0        ; 0         ; 0         ; 0        ; 0         ; 0         ; 0        ; 0         ; 0        ; 0         ; 1         ; 0        ; 0         ; 0         ; 0        ; 0         ; 0         ; 0        ; 0        ; 0         ; 0         ; 0        ; 1        ;
; state.S5b             ; 0                  ; 0                  ; 0                     ; 0                ; 0                  ; 0                  ; 0                     ; 0                ; 0             ; 0             ; 0             ; 0             ; 0              ; 0          ; 0         ; 0         ; 0         ; 0         ; 0        ; 0         ; 0         ; 0        ; 0         ; 0         ; 0        ; 0         ; 0        ; 1         ; 0         ; 0        ; 0         ; 0         ; 0        ; 0         ; 0         ; 0        ; 0        ; 0         ; 0         ; 0        ; 1        ;
; state.S6              ; 0                  ; 0                  ; 0                     ; 0                ; 0                  ; 0                  ; 0                     ; 0                ; 0             ; 0             ; 0             ; 0             ; 0              ; 0          ; 0         ; 0         ; 0         ; 0         ; 0        ; 0         ; 0         ; 0        ; 0         ; 0         ; 0        ; 0         ; 1        ; 0         ; 0         ; 0        ; 0         ; 0         ; 0        ; 0         ; 0         ; 0        ; 0        ; 0         ; 0         ; 0        ; 1        ;
; state.S6a             ; 0                  ; 0                  ; 0                     ; 0                ; 0                  ; 0                  ; 0                     ; 0                ; 0             ; 0             ; 0             ; 0             ; 0              ; 0          ; 0         ; 0         ; 0         ; 0         ; 0        ; 0         ; 0         ; 0        ; 0         ; 0         ; 0        ; 1         ; 0        ; 0         ; 0         ; 0        ; 0         ; 0         ; 0        ; 0         ; 0         ; 0        ; 0        ; 0         ; 0         ; 0        ; 1        ;
; state.S7              ; 0                  ; 0                  ; 0                     ; 0                ; 0                  ; 0                  ; 0                     ; 0                ; 0             ; 0             ; 0             ; 0             ; 0              ; 0          ; 0         ; 0         ; 0         ; 0         ; 0        ; 0         ; 0         ; 0        ; 0         ; 0         ; 1        ; 0         ; 0        ; 0         ; 0         ; 0        ; 0         ; 0         ; 0        ; 0         ; 0         ; 0        ; 0        ; 0         ; 0         ; 0        ; 1        ;
; state.S7a             ; 0                  ; 0                  ; 0                     ; 0                ; 0                  ; 0                  ; 0                     ; 0                ; 0             ; 0             ; 0             ; 0             ; 0              ; 0          ; 0         ; 0         ; 0         ; 0         ; 0        ; 0         ; 0         ; 0        ; 0         ; 1         ; 0        ; 0         ; 0        ; 0         ; 0         ; 0        ; 0         ; 0         ; 0        ; 0         ; 0         ; 0        ; 0        ; 0         ; 0         ; 0        ; 1        ;
; state.S7b             ; 0                  ; 0                  ; 0                     ; 0                ; 0                  ; 0                  ; 0                     ; 0                ; 0             ; 0             ; 0             ; 0             ; 0              ; 0          ; 0         ; 0         ; 0         ; 0         ; 0        ; 0         ; 0         ; 0        ; 1         ; 0         ; 0        ; 0         ; 0        ; 0         ; 0         ; 0        ; 0         ; 0         ; 0        ; 0         ; 0         ; 0        ; 0        ; 0         ; 0         ; 0        ; 1        ;
; state.S8              ; 0                  ; 0                  ; 0                     ; 0                ; 0                  ; 0                  ; 0                     ; 0                ; 0             ; 0             ; 0             ; 0             ; 0              ; 0          ; 0         ; 0         ; 0         ; 0         ; 0        ; 0         ; 0         ; 1        ; 0         ; 0         ; 0        ; 0         ; 0        ; 0         ; 0         ; 0        ; 0         ; 0         ; 0        ; 0         ; 0         ; 0        ; 0        ; 0         ; 0         ; 0        ; 1        ;
; state.S8a             ; 0                  ; 0                  ; 0                     ; 0                ; 0                  ; 0                  ; 0                     ; 0                ; 0             ; 0             ; 0             ; 0             ; 0              ; 0          ; 0         ; 0         ; 0         ; 0         ; 0        ; 0         ; 1         ; 0        ; 0         ; 0         ; 0        ; 0         ; 0        ; 0         ; 0         ; 0        ; 0         ; 0         ; 0        ; 0         ; 0         ; 0        ; 0        ; 0         ; 0         ; 0        ; 1        ;
; state.S8b             ; 0                  ; 0                  ; 0                     ; 0                ; 0                  ; 0                  ; 0                     ; 0                ; 0             ; 0             ; 0             ; 0             ; 0              ; 0          ; 0         ; 0         ; 0         ; 0         ; 0        ; 1         ; 0         ; 0        ; 0         ; 0         ; 0        ; 0         ; 0        ; 0         ; 0         ; 0        ; 0         ; 0         ; 0        ; 0         ; 0         ; 0        ; 0        ; 0         ; 0         ; 0        ; 1        ;
; state.S9              ; 0                  ; 0                  ; 0                     ; 0                ; 0                  ; 0                  ; 0                     ; 0                ; 0             ; 0             ; 0             ; 0             ; 0              ; 0          ; 0         ; 0         ; 0         ; 0         ; 1        ; 0         ; 0         ; 0        ; 0         ; 0         ; 0        ; 0         ; 0        ; 0         ; 0         ; 0        ; 0         ; 0         ; 0        ; 0         ; 0         ; 0        ; 0        ; 0         ; 0         ; 0        ; 1        ;
; state.S9a             ; 0                  ; 0                  ; 0                     ; 0                ; 0                  ; 0                  ; 0                     ; 0                ; 0             ; 0             ; 0             ; 0             ; 0              ; 0          ; 0         ; 0         ; 0         ; 1         ; 0        ; 0         ; 0         ; 0        ; 0         ; 0         ; 0        ; 0         ; 0        ; 0         ; 0         ; 0        ; 0         ; 0         ; 0        ; 0         ; 0         ; 0        ; 0        ; 0         ; 0         ; 0        ; 1        ;
; state.S9b             ; 0                  ; 0                  ; 0                     ; 0                ; 0                  ; 0                  ; 0                     ; 0                ; 0             ; 0             ; 0             ; 0             ; 0              ; 0          ; 0         ; 0         ; 1         ; 0         ; 0        ; 0         ; 0         ; 0        ; 0         ; 0         ; 0        ; 0         ; 0        ; 0         ; 0         ; 0        ; 0         ; 0         ; 0        ; 0         ; 0         ; 0        ; 0        ; 0         ; 0         ; 0        ; 1        ;
; state.S10             ; 0                  ; 0                  ; 0                     ; 0                ; 0                  ; 0                  ; 0                     ; 0                ; 0             ; 0             ; 0             ; 0             ; 0              ; 0          ; 0         ; 1         ; 0         ; 0         ; 0        ; 0         ; 0         ; 0        ; 0         ; 0         ; 0        ; 0         ; 0        ; 0         ; 0         ; 0        ; 0         ; 0         ; 0        ; 0         ; 0         ; 0        ; 0        ; 0         ; 0         ; 0        ; 1        ;
; state.S11             ; 0                  ; 0                  ; 0                     ; 0                ; 0                  ; 0                  ; 0                     ; 0                ; 0             ; 0             ; 0             ; 0             ; 0              ; 0          ; 1         ; 0         ; 0         ; 0         ; 0        ; 0         ; 0         ; 0        ; 0         ; 0         ; 0        ; 0         ; 0        ; 0         ; 0         ; 0        ; 0         ; 0         ; 0        ; 0         ; 0         ; 0        ; 0        ; 0         ; 0         ; 0        ; 1        ;
; state.S11a            ; 0                  ; 0                  ; 0                     ; 0                ; 0                  ; 0                  ; 0                     ; 0                ; 0             ; 0             ; 0             ; 0             ; 0              ; 1          ; 0         ; 0         ; 0         ; 0         ; 0        ; 0         ; 0         ; 0        ; 0         ; 0         ; 0        ; 0         ; 0        ; 0         ; 0         ; 0        ; 0         ; 0         ; 0        ; 0         ; 0         ; 0        ; 0        ; 0         ; 0         ; 0        ; 1        ;
; state.S11_wait        ; 0                  ; 0                  ; 0                     ; 0                ; 0                  ; 0                  ; 0                     ; 0                ; 0             ; 0             ; 0             ; 0             ; 1              ; 0          ; 0         ; 0         ; 0         ; 0         ; 0        ; 0         ; 0         ; 0        ; 0         ; 0         ; 0        ; 0         ; 0        ; 0         ; 0         ; 0        ; 0         ; 0         ; 0        ; 0         ; 0         ; 0        ; 0        ; 0         ; 0         ; 0        ; 1        ;
; state.S4_wait         ; 0                  ; 0                  ; 0                     ; 0                ; 0                  ; 0                  ; 0                     ; 0                ; 0             ; 0             ; 0             ; 1             ; 0              ; 0          ; 0         ; 0         ; 0         ; 0         ; 0        ; 0         ; 0         ; 0        ; 0         ; 0         ; 0        ; 0         ; 0        ; 0         ; 0         ; 0        ; 0         ; 0         ; 0        ; 0         ; 0         ; 0        ; 0        ; 0         ; 0         ; 0        ; 1        ;
; state.S1_wait         ; 0                  ; 0                  ; 0                     ; 0                ; 0                  ; 0                  ; 0                     ; 0                ; 0             ; 0             ; 1             ; 0             ; 0              ; 0          ; 0         ; 0         ; 0         ; 0         ; 0        ; 0         ; 0         ; 0        ; 0         ; 0         ; 0        ; 0         ; 0        ; 0         ; 0         ; 0        ; 0         ; 0         ; 0        ; 0         ; 0         ; 0        ; 0        ; 0         ; 0         ; 0        ; 1        ;
; state.S3_wait         ; 0                  ; 0                  ; 0                     ; 0                ; 0                  ; 0                  ; 0                     ; 0                ; 0             ; 1             ; 0             ; 0             ; 0              ; 0          ; 0         ; 0         ; 0         ; 0         ; 0        ; 0         ; 0         ; 0        ; 0         ; 0         ; 0        ; 0         ; 0        ; 0         ; 0         ; 0        ; 0         ; 0         ; 0        ; 0         ; 0         ; 0        ; 0        ; 0         ; 0         ; 0        ; 1        ;
; state.S5_wait         ; 0                  ; 0                  ; 0                     ; 0                ; 0                  ; 0                  ; 0                     ; 0                ; 1             ; 0             ; 0             ; 0             ; 0              ; 0          ; 0         ; 0         ; 0         ; 0         ; 0        ; 0         ; 0         ; 0        ; 0         ; 0         ; 0        ; 0         ; 0        ; 0         ; 0         ; 0        ; 0         ; 0         ; 0        ; 0         ; 0         ; 0        ; 0        ; 0         ; 0         ; 0        ; 1        ;
; state.LoadMemory      ; 0                  ; 0                  ; 0                     ; 0                ; 0                  ; 0                  ; 0                     ; 1                ; 0             ; 0             ; 0             ; 0             ; 0              ; 0          ; 0         ; 0         ; 0         ; 0         ; 0        ; 0         ; 0         ; 0        ; 0         ; 0         ; 0        ; 0         ; 0        ; 0         ; 0         ; 0        ; 0         ; 0         ; 0        ; 0         ; 0         ; 0        ; 0        ; 0         ; 0         ; 0        ; 1        ;
; state.LoadMemory_wait ; 0                  ; 0                  ; 0                     ; 0                ; 0                  ; 0                  ; 1                     ; 0                ; 0             ; 0             ; 0             ; 0             ; 0              ; 0          ; 0         ; 0         ; 0         ; 0         ; 0        ; 0         ; 0         ; 0        ; 0         ; 0         ; 0        ; 0         ; 0        ; 0         ; 0         ; 0        ; 0         ; 0         ; 0        ; 0         ; 0         ; 0        ; 0        ; 0         ; 0         ; 0        ; 1        ;
; state.LoadMemory_a    ; 0                  ; 0                  ; 0                     ; 0                ; 0                  ; 1                  ; 0                     ; 0                ; 0             ; 0             ; 0             ; 0             ; 0              ; 0          ; 0         ; 0         ; 0         ; 0         ; 0        ; 0         ; 0         ; 0        ; 0         ; 0         ; 0        ; 0         ; 0        ; 0         ; 0         ; 0        ; 0         ; 0         ; 0        ; 0         ; 0         ; 0        ; 0        ; 0         ; 0         ; 0        ; 1        ;
; state.LoadMemory_b    ; 0                  ; 0                  ; 0                     ; 0                ; 1                  ; 0                  ; 0                     ; 0                ; 0             ; 0             ; 0             ; 0             ; 0              ; 0          ; 0         ; 0         ; 0         ; 0         ; 0        ; 0         ; 0         ; 0        ; 0         ; 0         ; 0        ; 0         ; 0        ; 0         ; 0         ; 0        ; 0         ; 0         ; 0        ; 0         ; 0         ; 0        ; 0        ; 0         ; 0         ; 0        ; 1        ;
; state.SaveMemory      ; 0                  ; 0                  ; 0                     ; 1                ; 0                  ; 0                  ; 0                     ; 0                ; 0             ; 0             ; 0             ; 0             ; 0              ; 0          ; 0         ; 0         ; 0         ; 0         ; 0        ; 0         ; 0         ; 0        ; 0         ; 0         ; 0        ; 0         ; 0        ; 0         ; 0         ; 0        ; 0         ; 0         ; 0        ; 0         ; 0         ; 0        ; 0        ; 0         ; 0         ; 0        ; 1        ;
; state.SaveMemory_wait ; 0                  ; 0                  ; 1                     ; 0                ; 0                  ; 0                  ; 0                     ; 0                ; 0             ; 0             ; 0             ; 0             ; 0              ; 0          ; 0         ; 0         ; 0         ; 0         ; 0        ; 0         ; 0         ; 0        ; 0         ; 0         ; 0        ; 0         ; 0        ; 0         ; 0         ; 0        ; 0         ; 0         ; 0        ; 0         ; 0         ; 0        ; 0        ; 0         ; 0         ; 0        ; 1        ;
; state.SaveMemory_a    ; 0                  ; 1                  ; 0                     ; 0                ; 0                  ; 0                  ; 0                     ; 0                ; 0             ; 0             ; 0             ; 0             ; 0              ; 0          ; 0         ; 0         ; 0         ; 0         ; 0        ; 0         ; 0         ; 0        ; 0         ; 0         ; 0        ; 0         ; 0        ; 0         ; 0         ; 0        ; 0         ; 0         ; 0        ; 0         ; 0         ; 0        ; 0        ; 0         ; 0         ; 0        ; 1        ;
; state.SaveMemory_b    ; 1                  ; 0                  ; 0                     ; 0                ; 0                  ; 0                  ; 0                     ; 0                ; 0             ; 0             ; 0             ; 0             ; 0              ; 0          ; 0         ; 0         ; 0         ; 0         ; 0        ; 0         ; 0         ; 0        ; 0         ; 0         ; 0        ; 0         ; 0        ; 0         ; 0         ; 0        ; 0         ; 0         ; 0        ; 0         ; 0         ; 0        ; 0        ; 0         ; 0         ; 0        ; 1        ;
+-----------------------+--------------------+--------------------+-----------------------+------------------+--------------------+--------------------+-----------------------+------------------+---------------+---------------+---------------+---------------+----------------+------------+-----------+-----------+-----------+-----------+----------+-----------+-----------+----------+-----------+-----------+----------+-----------+----------+-----------+-----------+----------+-----------+-----------+----------+-----------+-----------+----------+----------+-----------+-----------+----------+----------+


+------------------------------------------------------------------------------------------------------------------------+
; User-Specified and Inferred Latches                                                                                    ;
+-----------------------------------------------------+-----------------------------------------+------------------------+
; Latch Name                                          ; Latch Enable Signal                     ; Free of Timing Hazards ;
+-----------------------------------------------------+-----------------------------------------+------------------------+
; ctrl_unit:Unit0|IR:U2|dir_addr[0]                   ; ctrl_unit:Unit0|controller:U0|IRld_ctrl ; yes                    ;
; ctrl_unit:Unit0|IR:U2|IRout[8]                      ; ctrl_unit:Unit0|controller:U0|IRld_ctrl ; yes                    ;
; ctrl_unit:Unit0|IR:U2|dir_addr[1]                   ; ctrl_unit:Unit0|controller:U0|IRld_ctrl ; yes                    ;
; ctrl_unit:Unit0|IR:U2|IRout[9]                      ; ctrl_unit:Unit0|controller:U0|IRld_ctrl ; yes                    ;
; ctrl_unit:Unit0|IR:U2|dir_addr[2]                   ; ctrl_unit:Unit0|controller:U0|IRld_ctrl ; yes                    ;
; ctrl_unit:Unit0|IR:U2|IRout[10]                     ; ctrl_unit:Unit0|controller:U0|IRld_ctrl ; yes                    ;
; ctrl_unit:Unit0|IR:U2|dir_addr[3]                   ; ctrl_unit:Unit0|controller:U0|IRld_ctrl ; yes                    ;
; ctrl_unit:Unit0|IR:U2|IRout[11]                     ; ctrl_unit:Unit0|controller:U0|IRld_ctrl ; yes                    ;
; ctrl_unit:Unit0|IR:U2|dir_addr[4]                   ; ctrl_unit:Unit0|controller:U0|IRld_ctrl ; yes                    ;
; ctrl_unit:Unit0|IR:U2|dir_addr[5]                   ; ctrl_unit:Unit0|controller:U0|IRld_ctrl ; yes                    ;
; ctrl_unit:Unit0|IR:U2|dir_addr[6]                   ; ctrl_unit:Unit0|controller:U0|IRld_ctrl ; yes                    ;
; ctrl_unit:Unit0|IR:U2|dir_addr[7]                   ; ctrl_unit:Unit0|controller:U0|IRld_ctrl ; yes                    ;
; ctrl_unit:Unit0|IR:U2|dir_addr[8]                   ; ctrl_unit:Unit0|controller:U0|IRld_ctrl ; yes                    ;
; ctrl_unit:Unit0|IR:U2|dir_addr[9]                   ; ctrl_unit:Unit0|controller:U0|IRld_ctrl ; yes                    ;
; ctrl_unit:Unit0|IR:U2|dir_addr[10]                  ; ctrl_unit:Unit0|controller:U0|IRld_ctrl ; yes                    ;
; ctrl_unit:Unit0|IR:U2|dir_addr[11]                  ; ctrl_unit:Unit0|controller:U0|IRld_ctrl ; yes                    ;
; ctrl_unit:Unit0|IR:U2|IRout[0]                      ; ctrl_unit:Unit0|controller:U0|IRld_ctrl ; yes                    ;
; ctrl_unit:Unit0|IR:U2|IRout[1]                      ; ctrl_unit:Unit0|controller:U0|IRld_ctrl ; yes                    ;
; ctrl_unit:Unit0|IR:U2|IRout[2]                      ; ctrl_unit:Unit0|controller:U0|IRld_ctrl ; yes                    ;
; ctrl_unit:Unit0|IR:U2|IRout[3]                      ; ctrl_unit:Unit0|controller:U0|IRld_ctrl ; yes                    ;
; ctrl_unit:Unit0|IR:U2|IRout[4]                      ; ctrl_unit:Unit0|controller:U0|IRld_ctrl ; yes                    ;
; ctrl_unit:Unit0|IR:U2|IRout[5]                      ; ctrl_unit:Unit0|controller:U0|IRld_ctrl ; yes                    ;
; ctrl_unit:Unit0|IR:U2|IRout[6]                      ; ctrl_unit:Unit0|controller:U0|IRld_ctrl ; yes                    ;
; ctrl_unit:Unit0|IR:U2|IRout[7]                      ; ctrl_unit:Unit0|controller:U0|IRld_ctrl ; yes                    ;
; ctrl_unit:Unit0|IR:U2|IRout[12]                     ; ctrl_unit:Unit0|controller:U0|IRld_ctrl ; yes                    ;
; ctrl_unit:Unit0|IR:U2|IRout[13]                     ; ctrl_unit:Unit0|controller:U0|IRld_ctrl ; yes                    ;
; ctrl_unit:Unit0|IR:U2|IRout[14]                     ; ctrl_unit:Unit0|controller:U0|IRld_ctrl ; yes                    ;
; ctrl_unit:Unit0|IR:U2|IRout[15]                     ; ctrl_unit:Unit0|controller:U0|IRld_ctrl ; yes                    ;
; Number of user-specified and inferred latches = 28  ;                                         ;                        ;
+-----------------------------------------------------+-----------------------------------------+------------------------+
Note: All latches listed above may not be present at the end of synthesis due to various synthesis optimizations.


+------------------------------------------------------+
; General Register Statistics                          ;
+----------------------------------------------+-------+
; Statistic                                    ; Value ;
+----------------------------------------------+-------+
; Total registers                              ; 377   ;
; Number of registers using Synchronous Clear  ; 10    ;
; Number of registers using Synchronous Load   ; 16    ;
; Number of registers using Asynchronous Clear ; 357   ;
; Number of registers using Asynchronous Load  ; 0     ;
; Number of registers using Clock Enable       ; 334   ;
; Number of registers using Preset             ; 0     ;
+----------------------------------------------+-------+


+----------------------------------------------------+
; Inverted Register Statistics                       ;
+------------------------------------------+---------+
; Inverted Register                        ; Fan out ;
+------------------------------------------+---------+
; ctrl_unit:Unit0|controller:U0|Ms_ctrl[1] ; 27      ;
; ctrl_unit:Unit0|controller:U0|PCclr_ctrl ; 17      ;
; Total number of inverted registers = 2   ;         ;
+------------------------------------------+---------+


+------------------------------------------------------------------------------------------------------------------------------------------------------------------------+
; Multiplexer Restructuring Statistics (Restructuring Performed)                                                                                                         ;
+--------------------+-----------+---------------+----------------------+------------------------+------------+----------------------------------------------------------+
; Multiplexer Inputs ; Bus Width ; Baseline Area ; Area if Restructured ; Saving if Restructured ; Registered ; Example Multiplexer Output                               ;
+--------------------+-----------+---------------+----------------------+------------------------+------------+----------------------------------------------------------+
; 3:1                ; 4 bits    ; 8 LEs         ; 4 LEs                ; 4 LEs                  ; Yes        ; |microprocessor|ctrl_unit:Unit0|PC:U1|tmp_PC[14]         ;
; 3:1                ; 12 bits   ; 24 LEs        ; 12 LEs               ; 12 LEs                 ; Yes        ; |microprocessor|ctrl_unit:Unit0|PC:U1|tmp_PC[5]          ;
; 16:1               ; 16 bits   ; 160 LEs       ; 160 LEs              ; 0 LEs                  ; Yes        ; |microprocessor|datapath:Unit1|reg_file:U2|RFr1[15]      ;
; 16:1               ; 16 bits   ; 160 LEs       ; 160 LEs              ; 0 LEs                  ; Yes        ; |microprocessor|datapath:Unit1|reg_file:U2|RFr2[2]       ;
; 4:1                ; 4 bits    ; 8 LEs         ; 8 LEs                ; 0 LEs                  ; No         ; |microprocessor|ctrl_unit:Unit0|bigmux:U3|Mux2           ;
; 4:1                ; 8 bits    ; 16 LEs        ; 16 LEs               ; 0 LEs                  ; No         ; |microprocessor|ctrl_unit:Unit0|bigmux:U3|Mux11          ;
; 4:1                ; 4 bits    ; 8 LEs         ; 8 LEs                ; 0 LEs                  ; No         ; |microprocessor|ctrl_unit:Unit0|bigmux:U3|Mux14          ;
; 4:1                ; 16 bits   ; 32 LEs        ; 32 LEs               ; 0 LEs                  ; No         ; |microprocessor|datapath:Unit1|alu:U3|Mux1               ;
; 4:1                ; 8 bits    ; 16 LEs        ; 16 LEs               ; 0 LEs                  ; No         ; |microprocessor|datapath:Unit1|smallmux:U1|Mux1          ;
; 4:1                ; 8 bits    ; 16 LEs        ; 16 LEs               ; 0 LEs                  ; No         ; |microprocessor|datapath:Unit1|smallmux:U1|Mux12         ;
; 4:1                ; 10 bits   ; 20 LEs        ; 20 LEs               ; 0 LEs                  ; No         ; |microprocessor|ctrl_unit:Unit0|controller:U0|Selector37 ;
+--------------------+-----------+---------------+----------------------+------------------------+------------+----------------------------------------------------------+


+--------------------------------------------------------------------------------------------------------+
; Source assignments for MainMemory:Unit2|altsyncram:altsyncram_component|altsyncram_fos3:auto_generated ;
+---------------------------------+--------------------+------+------------------------------------------+
; Assignment                      ; Value              ; From ; To                                       ;
+---------------------------------+--------------------+------+------------------------------------------+
; OPTIMIZE_POWER_DURING_SYNTHESIS ; NORMAL_COMPILATION ; -    ; -                                        ;
+---------------------------------+--------------------+------+------------------------------------------+


+-----------------------------------------------------------------------------------------------+
; Parameter Settings for User Entity Instance: MainMemory:Unit2|altsyncram:altsyncram_component ;
+------------------------------------+----------------------+-----------------------------------+
; Parameter Name                     ; Value                ; Type                              ;
+------------------------------------+----------------------+-----------------------------------+
; BYTE_SIZE_BLOCK                    ; 8                    ; Untyped                           ;
; AUTO_CARRY_CHAINS                  ; ON                   ; AUTO_CARRY                        ;
; IGNORE_CARRY_BUFFERS               ; OFF                  ; IGNORE_CARRY                      ;
; AUTO_CASCADE_CHAINS                ; ON                   ; AUTO_CASCADE                      ;
; IGNORE_CASCADE_BUFFERS             ; OFF                  ; IGNORE_CASCADE                    ;
; WIDTH_BYTEENA                      ; 1                    ; Untyped                           ;
; OPERATION_MODE                     ; SINGLE_PORT          ; Untyped                           ;
; WIDTH_A                            ; 16                   ; Signed Integer                    ;
; WIDTHAD_A                          ; 12                   ; Signed Integer                    ;
; NUMWORDS_A                         ; 4096                 ; Signed Integer                    ;
; OUTDATA_REG_A                      ; CLOCK0               ; Untyped                           ;
; ADDRESS_ACLR_A                     ; NONE                 ; Untyped                           ;
; OUTDATA_ACLR_A                     ; NONE                 ; Untyped                           ;
; WRCONTROL_ACLR_A                   ; NONE                 ; Untyped                           ;
; INDATA_ACLR_A                      ; NONE                 ; Untyped                           ;
; BYTEENA_ACLR_A                     ; NONE                 ; Untyped                           ;
; WIDTH_B                            ; 1                    ; Signed Integer                    ;
; WIDTHAD_B                          ; 1                    ; Signed Integer                    ;
; NUMWORDS_B                         ; 0                    ; Signed Integer                    ;
; INDATA_REG_B                       ; CLOCK1               ; Untyped                           ;
; WRCONTROL_WRADDRESS_REG_B          ; CLOCK1               ; Untyped                           ;
; RDCONTROL_REG_B                    ; CLOCK1               ; Untyped                           ;
; ADDRESS_REG_B                      ; CLOCK1               ; Untyped                           ;
; OUTDATA_REG_B                      ; UNREGISTERED         ; Untyped                           ;
; BYTEENA_REG_B                      ; CLOCK1               ; Untyped                           ;
; INDATA_ACLR_B                      ; NONE                 ; Untyped                           ;
; WRCONTROL_ACLR_B                   ; NONE                 ; Untyped                           ;
; ADDRESS_ACLR_B                     ; NONE                 ; Untyped                           ;
; OUTDATA_ACLR_B                     ; NONE                 ; Untyped                           ;
; RDCONTROL_ACLR_B                   ; NONE                 ; Untyped                           ;
; BYTEENA_ACLR_B                     ; NONE                 ; Untyped                           ;
; WIDTH_BYTEENA_A                    ; 1                    ; Signed Integer                    ;
; WIDTH_BYTEENA_B                    ; 1                    ; Signed Integer                    ;
; RAM_BLOCK_TYPE                     ; M9K                  ; Untyped                           ;
; BYTE_SIZE                          ; 8                    ; Signed Integer                    ;
; READ_DURING_WRITE_MODE_MIXED_PORTS ; DONT_CARE            ; Untyped                           ;
; READ_DURING_WRITE_MODE_PORT_A      ; NEW_DATA_NO_NBE_READ ; Untyped                           ;
; READ_DURING_WRITE_MODE_PORT_B      ; NEW_DATA_NO_NBE_READ ; Untyped                           ;
; INIT_FILE                          ; m9k_mem.hex          ; Untyped                           ;
; INIT_FILE_LAYOUT                   ; PORT_A               ; Untyped                           ;
; MAXIMUM_DEPTH                      ; 0                    ; Signed Integer                    ;
; CLOCK_ENABLE_INPUT_A               ; NORMAL               ; Untyped                           ;
; CLOCK_ENABLE_INPUT_B               ; NORMAL               ; Untyped                           ;
; CLOCK_ENABLE_OUTPUT_A              ; NORMAL               ; Untyped                           ;
; CLOCK_ENABLE_OUTPUT_B              ; NORMAL               ; Untyped                           ;
; CLOCK_ENABLE_CORE_A                ; USE_INPUT_CLKEN      ; Untyped                           ;
; CLOCK_ENABLE_CORE_B                ; USE_INPUT_CLKEN      ; Untyped                           ;
; ENABLE_ECC                         ; FALSE                ; Untyped                           ;
; ECC_PIPELINE_STAGE_ENABLED         ; FALSE                ; Untyped                           ;
; WIDTH_ECCSTATUS                    ; 3                    ; Signed Integer                    ;
; DEVICE_FAMILY                      ; Cyclone IV E         ; Untyped                           ;
; CBXI_PARAMETER                     ; altsyncram_fos3      ; Untyped                           ;
+------------------------------------+----------------------+-----------------------------------+
Note: In order to hide this table in the UI and the text report file, please set the "Show Parameter Settings in Synthesis Report" option in "Analysis and Synthesis Settings -> More Settings" to "Off".


+----------------------------------------------------------------------------------------------+
; altsyncram Parameter Settings by Entity Instance                                             ;
+-------------------------------------------+--------------------------------------------------+
; Name                                      ; Value                                            ;
+-------------------------------------------+--------------------------------------------------+
; Number of entity instances                ; 1                                                ;
; Entity Instance                           ; MainMemory:Unit2|altsyncram:altsyncram_component ;
;     -- OPERATION_MODE                     ; SINGLE_PORT                                      ;
;     -- WIDTH_A                            ; 16                                               ;
;     -- NUMWORDS_A                         ; 4096                                             ;
;     -- OUTDATA_REG_A                      ; CLOCK0                                           ;
;     -- WIDTH_B                            ; 1                                                ;
;     -- NUMWORDS_B                         ; 0                                                ;
;     -- ADDRESS_REG_B                      ; CLOCK1                                           ;
;     -- OUTDATA_REG_B                      ; UNREGISTERED                                     ;
;     -- RAM_BLOCK_TYPE                     ; M9K                                              ;
;     -- READ_DURING_WRITE_MODE_MIXED_PORTS ; DONT_CARE                                        ;
+-------------------------------------------+--------------------------------------------------+


+----------------------------------------------+
; Port Connectivity Checks: "MainMemory:Unit2" ;
+-------+-------+----------+-------------------+
; Port  ; Type  ; Severity ; Details           ;
+-------+-------+----------+-------------------+
; clken ; Input ; Info     ; Stuck at VCC      ;
+-------+-------+----------+-------------------+


+-------------------------------------------------------+
; Port Connectivity Checks: "ctrl_unit:Unit0|bigmux:U3" ;
+-----------+-------+----------+------------------------+
; Port      ; Type  ; Severity ; Details                ;
+-----------+-------+----------+------------------------+
; id[15..4] ; Input ; Info     ; Stuck at GND           ;
+-----------+-------+----------+------------------------+


+--------------------------------------------------------------------------------------------------------------------+
; Port Connectivity Checks: "ctrl_unit:Unit0"                                                                        ;
+----------+--------+----------+-------------------------------------------------------------------------------------+
; Port     ; Type   ; Severity ; Details                                                                             ;
+----------+--------+----------+-------------------------------------------------------------------------------------+
; big_addr ; Output ; Info     ; Connected to dangling logic. Logic that only feeds a dangling port will be removed. ;
+----------+--------+----------+-------------------------------------------------------------------------------------+


+-------------------------------+
; Elapsed Time Per Partition    ;
+----------------+--------------+
; Partition Name ; Elapsed Time ;
+----------------+--------------+
; Top            ; 00:00:01     ;
+----------------+--------------+


+-------------------------------+
; Analysis & Synthesis Messages ;
+-------------------------------+
Info: *******************************************************************
Info: Running Quartus II 64-Bit Analysis & Synthesis
    Info: Version 13.0.1 Build 232 06/12/2013 Service Pack 1 SJ Full Version
    Info: Processing started: Thu Mar 05 15:13:49 2015
Info: Command: quartus_map --read_settings_files=on --write_settings_files=off TB_mp -c TB_mp
Info (20030): Parallel compilation is enabled and will use 4 of the 4 processors detected
Info (12021): Found 2 design units, including 1 entities, in source file mainmemory.vhd
    Info (12022): Found design unit 1: mainmemory-SYN
    Info (12023): Found entity 1: MainMemory
Info (12021): Found 2 design units, including 1 entities, in source file alu.vhd
    Info (12022): Found design unit 1: alu-behv
    Info (12023): Found entity 1: alu
Info (12021): Found 2 design units, including 1 entities, in source file bigmux.vhd
    Info (12022): Found design unit 1: bigmux-behv
    Info (12023): Found entity 1: bigmux
Info (12021): Found 2 design units, including 1 entities, in source file controller.vhd
    Info (12022): Found design unit 1: controller-fsm
    Info (12023): Found entity 1: controller
Info (12021): Found 2 design units, including 1 entities, in source file ctrl_unit.vhd
    Info (12022): Found design unit 1: ctrl_unit-struct
    Info (12023): Found entity 1: ctrl_unit
Info (12021): Found 2 design units, including 1 entities, in source file datapath.vhd
    Info (12022): Found design unit 1: datapath-struct
    Info (12023): Found entity 1: datapath
Info (12021): Found 2 design units, including 1 entities, in source file ir.vhd
    Info (12022): Found design unit 1: IR-behv
    Info (12023): Found entity 1: IR
Info (12021): Found 2 design units, including 1 entities, in source file memory.vhd
    Info (12022): Found design unit 1: memory-behv
    Info (12023): Found entity 1: memory
Info (12021): Found 2 design units, including 1 entities, in source file microprocessor.vhd
    Info (12022): Found design unit 1: microprocessor-structure
    Info (12023): Found entity 1: microprocessor
Info (12021): Found 2 design units, including 1 entities, in source file obuf.vhd
    Info (12022): Found design unit 1: obuf-behv
    Info (12023): Found entity 1: obuf
Info (12021): Found 2 design units, including 1 entities, in source file pc.vhd
    Info (12022): Found design unit 1: PC-behv
    Info (12023): Found entity 1: PC
Info (12021): Found 2 design units, including 1 entities, in source file reg_file.vhd
    Info (12022): Found design unit 1: reg_file-behv
    Info (12023): Found entity 1: reg_file
Info (12021): Found 2 design units, including 1 entities, in source file smallmux.vhd
    Info (12022): Found design unit 1: smallmux-behv
    Info (12023): Found entity 1: smallmux
Info (12021): Found 2 design units, including 1 entities, in source file tb_mp.vhd
    Info (12022): Found design unit 1: TB_MP-behv
    Info (12023): Found entity 1: TB_MP
Info (12021): Found 2 design units, including 0 entities, in source file mp_lib.vhd
    Info (12022): Found design unit 1: MP_lib
    Info (12022): Found design unit 2: MP_lib-body
Info (12127): Elaborating entity "microprocessor" for the top level hierarchy
Warning (10541): VHDL Signal Declaration warning at microprocessor.vhd(48): used implicit default value for signal "big_addr" because signal was never assigned a value or an explicit default value. Use of implicit default value may introduce unintended design optimizations.
Info (12128): Elaborating entity "ctrl_unit" for hierarchy "ctrl_unit:Unit0"
Info (12128): Elaborating entity "controller" for hierarchy "ctrl_unit:Unit0|controller:U0"
Info (12128): Elaborating entity "PC" for hierarchy "ctrl_unit:Unit0|PC:U1"
Info (12128): Elaborating entity "IR" for hierarchy "ctrl_unit:Unit0|IR:U2"
Warning (10631): VHDL Process Statement warning at IR.vhd(25): inferring latch(es) for signal or variable "IRout", which holds its previous value in one or more paths through the process
Warning (10631): VHDL Process Statement warning at IR.vhd(25): inferring latch(es) for signal or variable "dir_addr", which holds its previous value in one or more paths through the process
Info (10041): Inferred latch for "dir_addr[0]" at IR.vhd(25)
Info (10041): Inferred latch for "dir_addr[1]" at IR.vhd(25)
Info (10041): Inferred latch for "dir_addr[2]" at IR.vhd(25)
Info (10041): Inferred latch for "dir_addr[3]" at IR.vhd(25)
Info (10041): Inferred latch for "dir_addr[4]" at IR.vhd(25)
Info (10041): Inferred latch for "dir_addr[5]" at IR.vhd(25)
Info (10041): Inferred latch for "dir_addr[6]" at IR.vhd(25)
Info (10041): Inferred latch for "dir_addr[7]" at IR.vhd(25)
Info (10041): Inferred latch for "dir_addr[8]" at IR.vhd(25)
Info (10041): Inferred latch for "dir_addr[9]" at IR.vhd(25)
Info (10041): Inferred latch for "dir_addr[10]" at IR.vhd(25)
Info (10041): Inferred latch for "dir_addr[11]" at IR.vhd(25)
Info (10041): Inferred latch for "dir_addr[12]" at IR.vhd(25)
Info (10041): Inferred latch for "dir_addr[13]" at IR.vhd(25)
Info (10041): Inferred latch for "dir_addr[14]" at IR.vhd(25)
Info (10041): Inferred latch for "dir_addr[15]" at IR.vhd(25)
Info (10041): Inferred latch for "IRout[0]" at IR.vhd(25)
Info (10041): Inferred latch for "IRout[1]" at IR.vhd(25)
Info (10041): Inferred latch for "IRout[2]" at IR.vhd(25)
Info (10041): Inferred latch for "IRout[3]" at IR.vhd(25)
Info (10041): Inferred latch for "IRout[4]" at IR.vhd(25)
Info (10041): Inferred latch for "IRout[5]" at IR.vhd(25)
Info (10041): Inferred latch for "IRout[6]" at IR.vhd(25)
Info (10041): Inferred latch for "IRout[7]" at IR.vhd(25)
Info (10041): Inferred latch for "IRout[8]" at IR.vhd(25)
Info (10041): Inferred latch for "IRout[9]" at IR.vhd(25)
Info (10041): Inferred latch for "IRout[10]" at IR.vhd(25)
Info (10041): Inferred latch for "IRout[11]" at IR.vhd(25)
Info (10041): Inferred latch for "IRout[12]" at IR.vhd(25)
Info (10041): Inferred latch for "IRout[13]" at IR.vhd(25)
Info (10041): Inferred latch for "IRout[14]" at IR.vhd(25)
Info (10041): Inferred latch for "IRout[15]" at IR.vhd(25)
Info (12128): Elaborating entity "bigmux" for hierarchy "ctrl_unit:Unit0|bigmux:U3"
Info (12128): Elaborating entity "datapath" for hierarchy "datapath:Unit1"
Info (12128): Elaborating entity "smallmux" for hierarchy "datapath:Unit1|smallmux:U1"
Info (12128): Elaborating entity "reg_file" for hierarchy "datapath:Unit1|reg_file:U2"
Info (12128): Elaborating entity "alu" for hierarchy "datapath:Unit1|alu:U3"
Info (12128): Elaborating entity "obuf" for hierarchy "datapath:Unit1|obuf:U4"
Info (12128): Elaborating entity "MainMemory" for hierarchy "MainMemory:Unit2"
Info (12128): Elaborating entity "altsyncram" for hierarchy "MainMemory:Unit2|altsyncram:altsyncram_component"
Info (12130): Elaborated megafunction instantiation "MainMemory:Unit2|altsyncram:altsyncram_component"
Info (12133): Instantiated megafunction "MainMemory:Unit2|altsyncram:altsyncram_component" with the following parameter:
    Info (12134): Parameter "address_aclr_a" = "UNUSED"
    Info (12134): Parameter "address_aclr_b" = "NONE"
    Info (12134): Parameter "address_reg_b" = "CLOCK1"
    Info (12134): Parameter "byte_size" = "8"
    Info (12134): Parameter "byteena_aclr_a" = "UNUSED"
    Info (12134): Parameter "byteena_aclr_b" = "NONE"
    Info (12134): Parameter "byteena_reg_b" = "CLOCK1"
    Info (12134): Parameter "clock_enable_core_a" = "USE_INPUT_CLKEN"
    Info (12134): Parameter "clock_enable_core_b" = "USE_INPUT_CLKEN"
    Info (12134): Parameter "clock_enable_input_a" = "NORMAL"
    Info (12134): Parameter "clock_enable_input_b" = "NORMAL"
    Info (12134): Parameter "clock_enable_output_a" = "NORMAL"
    Info (12134): Parameter "clock_enable_output_b" = "NORMAL"
    Info (12134): Parameter "intended_device_family" = "Cyclone IV E"
    Info (12134): Parameter "ecc_pipeline_stage_enabled" = "FALSE"
    Info (12134): Parameter "enable_ecc" = "FALSE"
    Info (12134): Parameter "implement_in_les" = "OFF"
    Info (12134): Parameter "indata_aclr_a" = "UNUSED"
    Info (12134): Parameter "indata_aclr_b" = "NONE"
    Info (12134): Parameter "indata_reg_b" = "CLOCK1"
    Info (12134): Parameter "init_file" = "m9k_mem.hex"
    Info (12134): Parameter "init_file_layout" = "PORT_A"
    Info (12134): Parameter "maximum_depth" = "0"
    Info (12134): Parameter "numwords_a" = "4096"
    Info (12134): Parameter "numwords_b" = "0"
    Info (12134): Parameter "operation_mode" = "SINGLE_PORT"
    Info (12134): Parameter "outdata_aclr_a" = "NONE"
    Info (12134): Parameter "outdata_aclr_b" = "NONE"
    Info (12134): Parameter "outdata_reg_a" = "CLOCK0"
    Info (12134): Parameter "outdata_reg_b" = "UNREGISTERED"
    Info (12134): Parameter "power_up_uninitialized" = "FALSE"
    Info (12134): Parameter "ram_block_type" = "M9K"
    Info (12134): Parameter "rdcontrol_aclr_b" = "NONE"
    Info (12134): Parameter "rdcontrol_reg_b" = "CLOCK1"
    Info (12134): Parameter "read_during_write_mode_mixed_ports" = "DONT_CARE"
    Info (12134): Parameter "read_during_write_mode_port_a" = "NEW_DATA_NO_NBE_READ"
    Info (12134): Parameter "read_during_write_mode_port_b" = "NEW_DATA_NO_NBE_READ"
    Info (12134): Parameter "stratixiv_m144k_allow_dual_clocks" = "ON"
    Info (12134): Parameter "width_a" = "16"
    Info (12134): Parameter "width_b" = "1"
    Info (12134): Parameter "width_byteena_a" = "1"
    Info (12134): Parameter "width_byteena_b" = "1"
    Info (12134): Parameter "width_eccstatus" = "3"
    Info (12134): Parameter "widthad_a" = "12"
    Info (12134): Parameter "widthad_b" = "1"
    Info (12134): Parameter "wrcontrol_aclr_a" = "UNUSED"
    Info (12134): Parameter "wrcontrol_aclr_b" = "NONE"
    Info (12134): Parameter "wrcontrol_wraddress_reg_b" = "CLOCK1"
    Info (12134): Parameter "lpm_hint" = "ENABLE_RUNTIME_MOD=NO"
    Info (12134): Parameter "lpm_type" = "altsyncram"
Info (12021): Found 1 design units, including 1 entities, in source file db/altsyncram_fos3.tdf
    Info (12023): Found entity 1: altsyncram_fos3
Info (12128): Elaborating entity "altsyncram_fos3" for hierarchy "MainMemory:Unit2|altsyncram:altsyncram_component|altsyncram_fos3:auto_generated"
Info (13025): Duplicate LATCH primitives merged into single LATCH primitive
    Info (13026): Duplicate LATCH primitive "ctrl_unit:Unit0|IR:U2|IRout[0]" merged with LATCH primitive "ctrl_unit:Unit0|IR:U2|dir_addr[0]"
    Info (13026): Duplicate LATCH primitive "ctrl_unit:Unit0|IR:U2|dir_addr[8]" merged with LATCH primitive "ctrl_unit:Unit0|IR:U2|IRout[8]"
    Info (13026): Duplicate LATCH primitive "ctrl_unit:Unit0|IR:U2|IRout[1]" merged with LATCH primitive "ctrl_unit:Unit0|IR:U2|dir_addr[1]"
    Info (13026): Duplicate LATCH primitive "ctrl_unit:Unit0|IR:U2|dir_addr[9]" merged with LATCH primitive "ctrl_unit:Unit0|IR:U2|IRout[9]"
    Info (13026): Duplicate LATCH primitive "ctrl_unit:Unit0|IR:U2|IRout[2]" merged with LATCH primitive "ctrl_unit:Unit0|IR:U2|dir_addr[2]"
    Info (13026): Duplicate LATCH primitive "ctrl_unit:Unit0|IR:U2|dir_addr[10]" merged with LATCH primitive "ctrl_unit:Unit0|IR:U2|IRout[10]"
    Info (13026): Duplicate LATCH primitive "ctrl_unit:Unit0|IR:U2|IRout[3]" merged with LATCH primitive "ctrl_unit:Unit0|IR:U2|dir_addr[3]"
    Info (13026): Duplicate LATCH primitive "ctrl_unit:Unit0|IR:U2|dir_addr[11]" merged with LATCH primitive "ctrl_unit:Unit0|IR:U2|IRout[11]"
    Info (13026): Duplicate LATCH primitive "ctrl_unit:Unit0|IR:U2|IRout[4]" merged with LATCH primitive "ctrl_unit:Unit0|IR:U2|dir_addr[4]"
    Info (13026): Duplicate LATCH primitive "ctrl_unit:Unit0|IR:U2|IRout[5]" merged with LATCH primitive "ctrl_unit:Unit0|IR:U2|dir_addr[5]"
    Info (13026): Duplicate LATCH primitive "ctrl_unit:Unit0|IR:U2|IRout[6]" merged with LATCH primitive "ctrl_unit:Unit0|IR:U2|dir_addr[6]"
    Info (13026): Duplicate LATCH primitive "ctrl_unit:Unit0|IR:U2|IRout[7]" merged with LATCH primitive "ctrl_unit:Unit0|IR:U2|dir_addr[7]"
Info (13000): Registers with preset signals will power-up high
Info (13003): DEV_CLRn pin will set, and not reset, register with preset signal due to NOT Gate Push-Back
Warning (13024): Output pins are stuck at VCC or GND
    Warning (13410): Pin "D_immd_bus[8]" is stuck at GND
    Warning (13410): Pin "D_immd_bus[9]" is stuck at GND
    Warning (13410): Pin "D_immd_bus[10]" is stuck at GND
    Warning (13410): Pin "D_immd_bus[11]" is stuck at GND
    Warning (13410): Pin "D_immd_bus[12]" is stuck at GND
    Warning (13410): Pin "D_immd_bus[13]" is stuck at GND
    Warning (13410): Pin "D_immd_bus[14]" is stuck at GND
    Warning (13410): Pin "D_immd_bus[15]" is stuck at GND
    Warning (13410): Pin "D_big_addr" is stuck at GND
Info (17036): Removed 4 MSB VCC or GND address nodes from RAM block "MainMemory:Unit2|altsyncram:altsyncram_component|altsyncram_fos3:auto_generated|ALTSYNCRAM"
Info (16010): Generating hard_block partition "hard_block:auto_generated_inst"
    Info (16011): Adding 0 node(s), including 0 DDIO, 0 PLL, 0 transceiver and 0 LCELL
Info (21057): Implemented 1025 device resources after synthesis - the final resource count might be different
    Info (21058): Implemented 2 input pins
    Info (21059): Implemented 139 output pins
    Info (21061): Implemented 868 logic cells
    Info (21064): Implemented 16 RAM segments
Info: Quartus II 64-Bit Analysis & Synthesis was successful. 0 errors, 13 warnings
    Info: Peak virtual memory: 517 megabytes
    Info: Processing ended: Thu Mar 05 15:13:52 2015
    Info: Elapsed time: 00:00:03
    Info: Total CPU time (on all processors): 00:00:03


